<?xml version="1.0" encoding="UTF-8"?>
<testng-results ignored="0" total="1" passed="1" failed="0" skipped="0">
  <reporter-output>
  </reporter-output>
  <suite started-at="2022-07-13T12:56:55 IST" name="Default suite" finished-at="2022-07-13T12:57:11 IST" duration-ms="15620">
    <groups>
    </groups>
    <test started-at="2022-07-13T12:56:55 IST" name="Default test" finished-at="2022-07-13T12:57:11 IST" duration-ms="15620">
      <class name="Selenium_excel.SeleniumGrid.Demo">
        <test-method signature="test()[pri:0, instance:Selenium_excel.SeleniumGrid.Demo@4738a206]" started-at="2022-07-13T12:56:55 IST" name="test" finished-at="2022-07-13T12:57:11 IST" duration-ms="15575" status="PASS">
          <reporter-output>
          </reporter-output>
        </test-method> <!-- test -->
      </class> <!-- Selenium_excel.SeleniumGrid.Demo -->
    </test> <!-- Default test -->
  </suite> <!-- Default suite -->
</testng-results>
